WLAN KEY is not empty spantree
WLAN KEY is not empty spanboxng.com
WLAN KEY is not empty
WLAN KEY is not empty 192.168.11.1
WLAN KEY is not empty
WLAN KEY is not empty
WLAN KEY is not empty
WLAN KEY is not empty
WLAN KEY is not empty sp@nb0x
WLAN KEY is not empty spanboxng.com
WLAN KEY is not empty sp@nb0x
WLAN KEY is not empty spanboxng.com
WLAN KEY is not empty
WLAN KEY is not empty
WLAN KEY is not empty sp@nb0x
WLAN KEY is not empty spancloud
WLAN KEY is not empty spancloud
WLAN KEY is not empty spantr332097
WLAN KEY is not empty deltabir
WLAN KEY is not empty
WLAN KEY is not empty sp@ntr33#@!
WLAN KEY is not empty sp@ntr33#@!
WLAN KEY is not empty sp@ntr33
WLAN KEY is not empty sp@n-da30
WLAN KEY is not empty sp@n-da30
